access_type id
READ	low
READ	high
WRITE	pivot
READ	high
WRITE	pivot
READ	low
WRITE	index
READ	high
WRITE	last
READ	index
WRITE	index
READ	arr[0]
READ	arr[3]
READ	last
WRITE	last
READ	last
READ	arr[2]
READ	arr[3]
READ	index
WRITE	index
READ	last
READ	arr[1]
READ	arr[3]
READ	index
WRITE	index
READ	last
READ	arr[0]
READ	arr[3]
READ	index
WRITE	index
READ	last
READ	arr[-1]
READ	arr[3]
READ	index
READ	last
READ	index
WRITE	pivot
READ	arr[0]
READ	arr[3]
WRITE	arr[0]
WRITE	arr[3]
READ	pivot
READ	arr
READ	low
READ	low
READ	high
READ	pivot
READ	arr
READ	low
READ	low
READ	high
WRITE	pivot
READ	high
WRITE	pivot
READ	low
WRITE	index
READ	high
WRITE	last
READ	index
WRITE	index
READ	arr[1]
READ	arr[3]
READ	index
WRITE	index
READ	arr[2]
READ	arr[3]
READ	index
WRITE	index
READ	arr[3]
READ	arr[3]
READ	last
WRITE	last
READ	last
READ	arr[2]
READ	arr[3]
READ	index
READ	last
READ	index
WRITE	pivot
READ	arr[3]
READ	arr[3]
WRITE	arr[3]
WRITE	arr[3]
READ	pivot
READ	arr
READ	low
READ	low
READ	high
WRITE	pivot
READ	high
WRITE	pivot
READ	low
WRITE	index
READ	high
WRITE	last
READ	index
WRITE	index
READ	arr[1]
READ	arr[2]
READ	last
WRITE	last
READ	last
READ	arr[1]
READ	arr[2]
READ	index
WRITE	index
READ	last
READ	arr[0]
READ	arr[2]
READ	index
READ	last
READ	index
WRITE	pivot
READ	arr[1]
READ	arr[2]
WRITE	arr[1]
WRITE	arr[2]
READ	pivot
READ	arr
READ	low
READ	low
READ	high
READ	pivot
READ	arr
READ	low
READ	low
READ	high
READ	pivot
READ	arr
READ	low
READ	low
READ	high
READ	low
READ	high
WRITE	pivot
READ	high
WRITE	pivot
READ	low
WRITE	index
READ	high
WRITE	last
READ	index
WRITE	index
READ	arr[0]
READ	arr[3]
READ	last
WRITE	last
READ	last
READ	arr[2]
READ	arr[3]
READ	index
WRITE	index
READ	last
READ	arr[1]
READ	arr[3]
READ	index
WRITE	index
READ	last
READ	arr[0]
READ	arr[3]
READ	index
WRITE	index
READ	last
READ	arr[-1]
READ	arr[3]
READ	index
READ	last
READ	index
WRITE	pivot
READ	arr[0]
READ	arr[3]
WRITE	arr[0]
WRITE	arr[3]
READ	pivot
READ	arr
READ	low
READ	low
READ	high
READ	pivot
READ	arr
READ	low
READ	low
READ	high
WRITE	pivot
READ	high
WRITE	pivot
READ	low
WRITE	index
READ	high
WRITE	last
READ	index
WRITE	index
READ	arr[1]
READ	arr[3]
READ	index
WRITE	index
READ	arr[2]
READ	arr[3]
READ	index
WRITE	index
READ	arr[3]
READ	arr[3]
READ	last
WRITE	last
READ	last
READ	arr[2]
READ	arr[3]
READ	index
READ	last
READ	index
WRITE	pivot
READ	arr[3]
READ	arr[3]
WRITE	arr[3]
WRITE	arr[3]
READ	pivot
READ	arr
READ	low
READ	low
READ	high
WRITE	pivot
READ	high
WRITE	pivot
READ	low
WRITE	index
READ	high
WRITE	last
READ	index
WRITE	index
READ	arr[1]
READ	arr[2]
READ	last
WRITE	last
READ	last
READ	arr[1]
READ	arr[2]
READ	index
WRITE	index
READ	last
READ	arr[0]
READ	arr[2]
READ	index
READ	last
READ	index
WRITE	pivot
READ	arr[1]
READ	arr[2]
WRITE	arr[1]
WRITE	arr[2]
READ	pivot
READ	arr
READ	low
READ	low
READ	high
READ	pivot
READ	arr
READ	low
READ	low
READ	high
READ	pivot
READ	arr
READ	low
READ	low
READ	high
READ	low
READ	high
WRITE	pivot
READ	high
WRITE	pivot
READ	low
WRITE	index
READ	high
WRITE	last
READ	index
WRITE	index
READ	arr[0]
READ	arr[3]
READ	last
WRITE	last
READ	last
READ	arr[2]
READ	arr[3]
READ	index
WRITE	index
READ	last
READ	arr[1]
READ	arr[3]
READ	index
WRITE	index
READ	last
READ	arr[0]
READ	arr[3]
READ	index
WRITE	index
READ	last
READ	arr[-1]
READ	arr[3]
READ	index
READ	last
READ	index
WRITE	pivot
READ	arr[0]
READ	arr[3]
WRITE	arr[0]
WRITE	arr[3]
READ	pivot
READ	arr
READ	low
READ	low
READ	high
READ	pivot
READ	arr
READ	low
READ	low
READ	high
WRITE	pivot
READ	high
WRITE	pivot
READ	low
WRITE	index
READ	high
WRITE	last
READ	index
WRITE	index
READ	arr[1]
READ	arr[3]
READ	index
WRITE	index
READ	arr[2]
READ	arr[3]
READ	index
WRITE	index
READ	arr[3]
READ	arr[3]
READ	last
WRITE	last
READ	last
READ	arr[2]
READ	arr[3]
READ	index
READ	last
READ	index
WRITE	pivot
READ	arr[3]
READ	arr[3]
WRITE	arr[3]
WRITE	arr[3]
READ	pivot
READ	arr
READ	low
READ	low
READ	high
WRITE	pivot
READ	high
WRITE	pivot
READ	low
WRITE	index
READ	high
WRITE	last
READ	index
WRITE	index
READ	arr[1]
READ	arr[2]
READ	last
WRITE	last
READ	last
READ	arr[1]
READ	arr[2]
READ	index
WRITE	index
READ	last
READ	arr[0]
READ	arr[2]
READ	index
READ	last
READ	index
WRITE	pivot
READ	arr[1]
READ	arr[2]
WRITE	arr[1]
WRITE	arr[2]
READ	pivot
READ	arr
READ	low
READ	low
READ	high
READ	pivot
READ	arr
READ	low
READ	low
READ	high
READ	pivot
READ	arr
READ	low
READ	low
READ	high
